\BOOKMARK [0][]{Title.0}{\376\377\000T\000i\000t\000l\000e\000\040\000P\000a\000g\000e}{}% 1
\BOOKMARK [1][]{Resumo.1}{\376\377\000R\000e\000s\000u\000m\000o}{Title.0}% 2
\BOOKMARK [1][]{Abstract.1}{\376\377\000A\000b\000s\000t\000r\000a\000c\000t}{Title.0}% 3
\BOOKMARK [1][]{toc.1}{\376\377\000S\000u\000m\000\341\000r\000i\000o}{Title.0}% 4
\BOOKMARK [1][]{lof.1}{\376\377\000L\000i\000s\000t\000a\000\040\000d\000e\000\040\000F\000i\000g\000u\000r\000a\000s}{Title.0}% 5
\BOOKMARK [0][]{chapter.1}{\376\377\0001\000\040\000I\000n\000t\000r\000o\000d\000u\000\347\000\343\000o}{}% 6
\BOOKMARK [1][]{section.1.1}{\376\377\0001\000.\0001\000\040\000O\000b\000j\000e\000t\000i\000v\000o\000s}{chapter.1}% 7
\BOOKMARK [2][]{subsection.1.1.1}{\376\377\0001\000.\0001\000.\0001\000\040\000O\000b\000j\000e\000t\000i\000v\000o\000s\000\040\000E\000s\000p\000e\000c\000\355\000f\000i\000c\000o\000s}{section.1.1}% 8
\BOOKMARK [1][]{section.1.2}{\376\377\0001\000.\0002\000\040\000J\000u\000s\000t\000i\000f\000i\000c\000a\000t\000i\000v\000a}{chapter.1}% 9
\BOOKMARK [1][]{section.1.3}{\376\377\0001\000.\0003\000\040\000O\000r\000g\000a\000n\000i\000z\000a\000\347\000\343\000o\000\040\000d\000o\000\040\000d\000o\000c\000u\000m\000e\000n\000t\000o}{chapter.1}% 10
\BOOKMARK [0][]{chapter.2}{\376\377\0002\000\040\000C\000o\000n\000c\000e\000i\000t\000o\000\040\000d\000o\000\040\000p\000r\000o\000j\000e\000t\000o\000\040\000d\000o\000\040\000p\000o\000r\000t\000f\000\363\000l\000i\000o}{}% 11
\BOOKMARK [1][]{section.2.1}{\376\377\0002\000.\0001\000\040\000R\000e\000q\000u\000i\000s\000i\000t\000o\000s\000\040\000d\000o\000\040\000c\000l\000i\000e\000n\000t\000e}{chapter.2}% 12
\BOOKMARK [1][]{section.2.2}{\376\377\0002\000.\0002\000\040\000R\000e\000q\000u\000i\000s\000i\000t\000o\000s\000\040\000f\000u\000n\000c\000i\000o\000n\000a\000i\000s}{chapter.2}% 13
\BOOKMARK [0][]{chapter.3}{\376\377\0003\000\040\000D\000e\000s\000e\000n\000v\000o\000l\000v\000i\000m\000e\000n\000t\000o\000\040\000d\000o\000\040\000p\000r\000o\000j\000e\000t\000o}{}% 14
\BOOKMARK [1][]{subsection.3.0.1}{\376\377\0003\000.\0000\000.\0001\000\040\000M\000e\000t\000o\000d\000o\000l\000o\000g\000i\000a\000\040\000d\000o\000\040\000p\000r\000o\000j\000e\000t\000o}{chapter.3}% 15
\BOOKMARK [1][]{section.3.1}{\376\377\0003\000.\0001\000\040\000I\000d\000e\000a\000\347\000\343\000o}{chapter.3}% 16
\BOOKMARK [2][]{subsection.3.1.1}{\376\377\0003\000.\0001\000.\0001\000\040\000A\000r\000q\000u\000i\000t\000e\000t\000u\000r\000a\000\040\000G\000e\000r\000a\000l}{section.3.1}% 17
\BOOKMARK [2][]{subsection.3.1.2}{\376\377\0003\000.\0001\000.\0002\000\040\000R\000e\000q\000u\000i\000s\000i\000t\000o\000s\000\040\000t\000\351\000c\000n\000i\000c\000o\000s}{section.3.1}% 18
\BOOKMARK [2][]{subsection.3.1.3}{\376\377\0003\000.\0001\000.\0003\000\040\000M\000o\000d\000e\000l\000a\000g\000e\000m\000\040\000d\000o\000s\000\040\000p\000r\000o\000c\000e\000s\000s\000o\000s}{section.3.1}% 19
\BOOKMARK [0][]{chapter.4}{\376\377\0004\000\040\000R\000e\000s\000u\000l\000t\000a\000d\000o\000s}{}% 20
\BOOKMARK [1][]{section.4.1}{\376\377\0004\000.\0001\000\040\000D\000i\000a\000g\000r\000a\000m\000a\000\040\000d\000e\000\040\000c\000l\000a\000s\000s\000e\000s}{chapter.4}% 21
\BOOKMARK [1][]{section.4.2}{\376\377\0004\000.\0002\000\040\000D\000i\000a\000g\000r\000a\000m\000a\000\040\000d\000e\000\040\000c\000a\000s\000o\000s\000\040\000d\000e\000\040\000u\000s\000o}{chapter.4}% 22
\BOOKMARK [1][]{section.4.3}{\376\377\0004\000.\0003\000\040\000D\000i\000a\000g\000r\000a\000m\000a\000\040\000d\000e\000\040\000s\000e\000q\000u\000\352\000n\000c\000i\000a}{chapter.4}% 23
\BOOKMARK [0][]{chapter.5}{\376\377\0005\000\040\000C\000o\000n\000c\000l\000u\000s\000\343\000o}{}% 24
\BOOKMARK [1][]{section.5.1}{\376\377\0005\000.\0001\000\040\000C\000o\000n\000s\000i\000d\000e\000r\000a\000\347\000\365\000e\000s\000\040\000f\000i\000n\000a\000i\000s}{chapter.5}% 25
\BOOKMARK [0][]{section.5.1}{\376\377\000R\000e\000f\000e\000r\000\352\000n\000c\000i\000a\000s}{}% 26
